<?xml version="1.0" encoding="UTF-8"?>
<!-- Generated by org.testng.reporters.JUnitXMLReporter -->
<testsuite ignored="2" hostname="DESKTOP-BN3PUO8" failures="2" tests="2" name="Incident" time="14.287" errors="0" timestamp="2023-03-26T04:01:07 IST">
  <testcase classname="tests.rest.TC001_CreateIncident" name="createIncident" time="9.022">
    <failure type="java.lang.RuntimeException">
      <![CDATA[java.lang.RuntimeException
at lib.utils.HTMLReporter.reportRequest(HTMLReporter.java:102)
at lib.rest.RESTAssuredBase.verifyResponseCode(RESTAssuredBase.java:185)
at tests.rest.TC001_CreateIncident.createIncident(TC001_CreateIncident.java:31)
at java.base/java.util.ArrayList.forEach(ArrayList.java:1511)
... Removed 27 stack frames]]>
    </failure>
  </testcase> <!-- createIncident -->
  <testcase classname="tests.rest.TC003_CreateChangeRequest" name="createCR" time="5.193">
    <failure type="java.lang.RuntimeException">
      <![CDATA[java.lang.RuntimeException
at lib.utils.HTMLReporter.reportRequest(HTMLReporter.java:102)
at lib.rest.RESTAssuredBase.verifyResponseCode(RESTAssuredBase.java:185)
at tests.rest.TC003_CreateChangeRequest.createCR(TC003_CreateChangeRequest.java:31)
at java.base/java.util.ArrayList.forEach(ArrayList.java:1511)
... Removed 27 stack frames]]>
    </failure>
  </testcase> <!-- createCR -->
  <testcase classname="lib.rest.PreAndTest" name="@BeforeSuite beforeSuite" time="0.0">
    <ignored/>
  </testcase> <!-- @BeforeSuite beforeSuite -->
  <testcase classname="lib.rest.PreAndTest" name="@AfterSuite afterSuite" time="0.0">
    <ignored/>
  </testcase> <!-- @AfterSuite afterSuite -->
</testsuite> <!-- Incident -->
