<?xml version="1.0" encoding="UTF-8"?>
<!-- Generated by org.testng.reporters.JUnitXMLReporter -->
<testsuite ignored="4" hostname="Ramanathans-MacBook-Air.local" failures="0" tests="3" name="Incident" time="3.559" errors="0" timestamp="2023-10-08T13:42:09 IST">
  <testcase classname="tests.rest.TC001_CreateIncident" name="createIncident" time="1.821"/>
  <testcase classname="tests.rest.TC002_UpdateIncident" name="updateIncident" time="0.698"/>
  <testcase classname="tests.rest.TC003_DeleteIncident" name="DeleteIncident" time="1.018"/>
  <testcase classname="lib.rest.PreAndTest" name="@BeforeSuite beforeSuite" time="0.0">
    <ignored/>
  </testcase> <!-- @BeforeSuite beforeSuite -->
  <testcase classname="lib.rest.PreAndTest" name="@BeforeSuite beforeSuite" time="0.0">
    <ignored/>
  </testcase> <!-- @BeforeSuite beforeSuite -->
  <testcase classname="lib.rest.PreAndTest" name="@AfterSuite afterSuite" time="0.0">
    <ignored/>
  </testcase> <!-- @AfterSuite afterSuite -->
  <testcase classname="lib.rest.PreAndTest" name="@AfterSuite afterSuite" time="0.0">
    <ignored/>
  </testcase> <!-- @AfterSuite afterSuite -->
</testsuite> <!-- Incident -->
