<?xml version="1.0" encoding="UTF-8"?>
<!-- Generated by org.testng.reporters.JUnitXMLReporter -->
<testsuite ignored="2" hostname="LAPTOP-ED3B4Q90" failures="0" tests="2" name="Test" time="138.322" errors="0" timestamp="2022-06-11T07:44:15 IST">
  <testcase classname="tests.selenium.TC002_CreateIncidentAndGetFromRest" name="createIncident" time="67.305"/>
  <testcase classname="tests.selenium.TC003_CreateIncidentUsingRestAndVerifyUsingSelenium" name="createIncident" time="50.175"/>
  <testcase classname="lib.selenium.PreAndPost" name="@AfterSuite afterSuite" time="0.0">
    <ignored/>
  </testcase> <!-- @AfterSuite afterSuite -->
  <testcase classname="lib.selenium.PreAndPost" name="@BeforeSuite beforeSuite" time="0.0">
    <ignored/>
  </testcase> <!-- @BeforeSuite beforeSuite -->
</testsuite> <!-- Test -->
