<?xml version="1.0" encoding="UTF-8"?>
<testng-results ignored="4" total="7" passed="3" failed="0" skipped="0">
  <reporter-output>
  </reporter-output>
  <suite started-at="2023-10-08T13:42:05 IST" name="Suite" finished-at="2023-10-08T13:42:09 IST" duration-ms="3559">
    <groups>
    </groups>
    <test started-at="2023-10-08T13:42:05 IST" name="Incident" finished-at="2023-10-08T13:42:09 IST" duration-ms="3559">
      <class name="tests.rest.TC001_CreateIncident">
        <test-method is-config="true" signature="beforeSuite()[pri:0, instance:tests.rest.TC001_CreateIncident@7a419da4]" started-at="2023-10-08T13:42:05 IST" name="beforeSuite" finished-at="2023-10-08T13:42:05 IST" duration-ms="253" status="PASS">
          <reporter-output>
          </reporter-output>
        </test-method> <!-- beforeSuite -->
        <test-method is-config="true" signature="setValues()[pri:0, instance:tests.rest.TC001_CreateIncident@7a419da4]" started-at="2023-10-08T13:42:05 IST" name="setValues" finished-at="2023-10-08T13:42:05 IST" duration-ms="0" status="PASS">
          <reporter-output>
          </reporter-output>
        </test-method> <!-- setValues -->
        <test-method is-config="true" signature="beforeClass()[pri:0, instance:tests.rest.TC001_CreateIncident@7a419da4]" started-at="2023-10-08T13:42:05 IST" name="beforeClass" finished-at="2023-10-08T13:42:05 IST" duration-ms="1" status="PASS">
          <reporter-output>
          </reporter-output>
        </test-method> <!-- beforeClass -->
        <test-method is-config="true" signature="beforeMethod()[pri:0, instance:tests.rest.TC001_CreateIncident@7a419da4]" started-at="2023-10-08T13:42:05 IST" name="beforeMethod" finished-at="2023-10-08T13:42:05 IST" duration-ms="4" status="PASS">
          <reporter-output>
          </reporter-output>
        </test-method> <!-- beforeMethod -->
        <test-method signature="createIncident(java.io.File)[pri:0, instance:tests.rest.TC001_CreateIncident@7a419da4]" started-at="2023-10-08T13:42:05 IST" name="createIncident" data-provider="fetchData" finished-at="2023-10-08T13:42:07 IST" duration-ms="1821" status="PASS">
          <params>
            <param index="0">
              <value>
                <![CDATA[./data/TC001.JSON]]>
              </value>
            </param>
          </params>
          <reporter-output>
          </reporter-output>
        </test-method> <!-- createIncident -->
        <test-method is-config="true" signature="afterSuite()[pri:0, instance:tests.rest.TC001_CreateIncident@7a419da4]" started-at="2023-10-08T13:42:09 IST" name="afterSuite" finished-at="2023-10-08T13:42:09 IST" duration-ms="127" status="PASS">
          <reporter-output>
          </reporter-output>
        </test-method> <!-- afterSuite -->
      </class> <!-- tests.rest.TC001_CreateIncident -->
      <class name="tests.rest.TC003_DeleteIncident">
        <test-method is-config="true" signature="setValues()[pri:0, instance:tests.rest.TC003_DeleteIncident@4d5b6aac]" started-at="2023-10-08T13:42:05 IST" name="setValues" finished-at="2023-10-08T13:42:05 IST" duration-ms="0" status="PASS">
          <reporter-output>
          </reporter-output>
        </test-method> <!-- setValues -->
        <test-method is-config="true" signature="beforeClass()[pri:0, instance:tests.rest.TC003_DeleteIncident@4d5b6aac]" started-at="2023-10-08T13:42:08 IST" name="beforeClass" finished-at="2023-10-08T13:42:08 IST" duration-ms="1" status="PASS">
          <reporter-output>
          </reporter-output>
        </test-method> <!-- beforeClass -->
        <test-method is-config="true" signature="beforeMethod()[pri:0, instance:tests.rest.TC003_DeleteIncident@4d5b6aac]" started-at="2023-10-08T13:42:08 IST" name="beforeMethod" finished-at="2023-10-08T13:42:08 IST" duration-ms="1" status="PASS">
          <reporter-output>
          </reporter-output>
        </test-method> <!-- beforeMethod -->
        <test-method signature="DeleteIncident()[pri:0, instance:tests.rest.TC003_DeleteIncident@4d5b6aac]" started-at="2023-10-08T13:42:08 IST" name="DeleteIncident" finished-at="2023-10-08T13:42:09 IST" duration-ms="1018" status="PASS">
          <reporter-output>
          </reporter-output>
        </test-method> <!-- DeleteIncident -->
      </class> <!-- tests.rest.TC003_DeleteIncident -->
      <class name="tests.rest.TC002_UpdateIncident">
        <test-method is-config="true" signature="setValues()[pri:0, instance:tests.rest.TC002_UpdateIncident@10d307f1]" started-at="2023-10-08T13:42:05 IST" name="setValues" finished-at="2023-10-08T13:42:05 IST" duration-ms="0" status="PASS">
          <reporter-output>
          </reporter-output>
        </test-method> <!-- setValues -->
        <test-method signature="updateIncident(java.io.File)[pri:0, instance:tests.rest.TC002_UpdateIncident@10d307f1]" started-at="2023-10-08T13:42:07 IST" name="updateIncident" data-provider="fetchData" finished-at="2023-10-08T13:42:08 IST" duration-ms="698" status="PASS">
          <params>
            <param index="0">
              <value>
                <![CDATA[./data/TC2.JSON]]>
              </value>
            </param>
          </params>
          <reporter-output>
          </reporter-output>
        </test-method> <!-- updateIncident -->
        <test-method is-config="true" signature="beforeMethod()[pri:0, instance:tests.rest.TC002_UpdateIncident@10d307f1]" started-at="2023-10-08T13:42:07 IST" name="beforeMethod" finished-at="2023-10-08T13:42:07 IST" duration-ms="0" status="PASS">
          <reporter-output>
          </reporter-output>
        </test-method> <!-- beforeMethod -->
        <test-method is-config="true" signature="beforeClass()[pri:0, instance:tests.rest.TC002_UpdateIncident@10d307f1]" started-at="2023-10-08T13:42:07 IST" name="beforeClass" finished-at="2023-10-08T13:42:07 IST" duration-ms="0" status="PASS">
          <reporter-output>
          </reporter-output>
        </test-method> <!-- beforeClass -->
      </class> <!-- tests.rest.TC002_UpdateIncident -->
    </test> <!-- Incident -->
  </suite> <!-- Suite -->
</testng-results>
