<?xml version="1.0" encoding="UTF-8"?>
<testng-results ignored="0" total="1" passed="1" failed="0" skipped="0">
  <reporter-output>
  </reporter-output>
  <suite started-at="2023-10-07T15:46:31 IST" name="Default suite" finished-at="2023-10-07T15:46:37 IST" duration-ms="6025">
    <groups>
    </groups>
    <test started-at="2023-10-07T15:46:31 IST" name="Default test" finished-at="2023-10-07T15:46:37 IST" duration-ms="6025">
      <class name="tests.rest.TC001_CreateIncident_Demo">
        <test-method is-config="true" signature="beforeSuite()[pri:0, instance:tests.rest.TC001_CreateIncident_Demo@17f9d882]" started-at="2023-10-07T15:46:30 IST" name="beforeSuite" finished-at="2023-10-07T15:46:31 IST" duration-ms="966" status="PASS">
          <reporter-output>
          </reporter-output>
        </test-method> <!-- beforeSuite -->
        <test-method is-config="true" signature="setValues()[pri:0, instance:tests.rest.TC001_CreateIncident_Demo@17f9d882]" started-at="2023-10-07T15:46:31 IST" name="setValues" finished-at="2023-10-07T15:46:31 IST" duration-ms="0" status="PASS">
          <reporter-output>
          </reporter-output>
        </test-method> <!-- setValues -->
        <test-method is-config="true" signature="beforeClass()[pri:0, instance:tests.rest.TC001_CreateIncident_Demo@17f9d882]" started-at="2023-10-07T15:46:31 IST" name="beforeClass" finished-at="2023-10-07T15:46:31 IST" duration-ms="3" status="PASS">
          <reporter-output>
          </reporter-output>
        </test-method> <!-- beforeClass -->
        <test-method is-config="true" signature="beforeMethod()[pri:0, instance:tests.rest.TC001_CreateIncident_Demo@17f9d882]" started-at="2023-10-07T15:46:31 IST" name="beforeMethod" finished-at="2023-10-07T15:46:31 IST" duration-ms="14" status="PASS">
          <reporter-output>
          </reporter-output>
        </test-method> <!-- beforeMethod -->
        <test-method signature="createIncident(java.io.File)[pri:0, instance:tests.rest.TC001_CreateIncident_Demo@17f9d882]" started-at="2023-10-07T15:46:31 IST" name="createIncident" data-provider="fetchData" finished-at="2023-10-07T15:46:37 IST" duration-ms="5950" status="PASS">
          <params>
            <param index="0">
              <value>
                <![CDATA[.\data\TC001.JSON]]>
              </value>
            </param>
          </params>
          <reporter-output>
          </reporter-output>
        </test-method> <!-- createIncident -->
        <test-method is-config="true" signature="afterSuite()[pri:0, instance:tests.rest.TC001_CreateIncident_Demo@17f9d882]" started-at="2023-10-07T15:46:37 IST" name="afterSuite" finished-at="2023-10-07T15:46:38 IST" duration-ms="529" status="PASS">
          <reporter-output>
          </reporter-output>
        </test-method> <!-- afterSuite -->
      </class> <!-- tests.rest.TC001_CreateIncident_Demo -->
    </test> <!-- Default test -->
  </suite> <!-- Default suite -->
</testng-results>
